<?xml version="1.0" encoding="UTF-8"?>
<testng-results skipped="6" failed="0" total="6" passed="0">
  <reporter-output>
  </reporter-output>
  <suite name="Default suite" duration-ms="13579" started-at="2017-11-06T11:01:57Z" finished-at="2017-11-06T11:02:10Z">
    <groups>
    </groups>
    <test name="Default test" duration-ms="13579" started-at="2017-11-06T11:01:57Z" finished-at="2017-11-06T11:02:10Z">
      <class name="guruECommercePackage.HomePageVerify">
        <test-method status="PASS" signature="launcbroserFrom()[pri:0, instance:guruECommercePackage.HomePageVerify@20e2cbe0]" name="launcbroserFrom" is-config="true" duration-ms="7191" started-at="2017-11-06T16:31:57Z" finished-at="2017-11-06T16:32:04Z">
          <reporter-output>
          </reporter-output>
        </test-method> <!-- launcbroserFrom -->
        <test-method status="FAIL" signature="gertPage()[pri:0, instance:guruECommercePackage.HomePageVerify@20e2cbe0]" name="gertPage" is-config="true" duration-ms="0" started-at="2017-11-06T16:32:04Z" finished-at="2017-11-06T16:32:04Z">
          <exception class="org.openqa.selenium.remote.UnreachableBrowserException">
            <message>
              <![CDATA[Error communicating with the remote browser. It may have died.
Build info: version: '2.53.0', revision: '35ae25b', time: '2016-03-15 17:00:58'
System info: host: 'divine-PC', ip: '192.168.0.106', os.name: 'Windows 7', os.arch: 'amd64', os.version: '6.1', java.version: '1.8.0_121'
Driver info: driver.version: RemoteWebDriver
Capabilities [{applicationCacheEnabled=true, rotatable=false, handlesAlerts=true, databaseEnabled=true, version=45.0.2, platform=WINDOWS, nativeEvents=false, acceptSslCerts=true, webStorageEnabled=true, locationContextEnabled=true, browserName=firefox, takesScreenshot=true, javascriptEnabled=true, cssSelectorsEnabled=true}]
Session ID: 4efc972f-e8d3-4bac-ad1b-a67fc59148d0]]>
            </message>
            <full-stacktrace>
              <![CDATA[org.openqa.selenium.remote.UnreachableBrowserException: Error communicating with the remote browser. It may have died.
Build info: version: '2.53.0', revision: '35ae25b', time: '2016-03-15 17:00:58'
System info: host: 'divine-PC', ip: '192.168.0.106', os.name: 'Windows 7', os.arch: 'amd64', os.version: '6.1', java.version: '1.8.0_121'
Driver info: driver.version: RemoteWebDriver
Capabilities [{applicationCacheEnabled=true, rotatable=false, handlesAlerts=true, databaseEnabled=true, version=45.0.2, platform=WINDOWS, nativeEvents=false, acceptSslCerts=true, webStorageEnabled=true, locationContextEnabled=true, browserName=firefox, takesScreenshot=true, javascriptEnabled=true, cssSelectorsEnabled=true}]
Session ID: 4efc972f-e8d3-4bac-ad1b-a67fc59148d0
	at org.openqa.selenium.remote.RemoteWebDriver.execute(RemoteWebDriver.java:665)
	at org.openqa.selenium.remote.RemoteWebDriver.get(RemoteWebDriver.java:316)
	at guruECommercePackage.HomePageVerify.gertPage(HomePageVerify.java:510)
	at sun.reflect.NativeMethodAccessorImpl.invoke0(Native Method)
	at sun.reflect.NativeMethodAccessorImpl.invoke(Unknown Source)
	at sun.reflect.DelegatingMethodAccessorImpl.invoke(Unknown Source)
	at java.lang.reflect.Method.invoke(Unknown Source)
	at org.testng.internal.MethodInvocationHelper.invokeMethod(MethodInvocationHelper.java:85)
	at org.testng.internal.Invoker.invokeConfigurationMethod(Invoker.java:510)
	at org.testng.internal.Invoker.invokeConfigurations(Invoker.java:211)
	at org.testng.internal.Invoker.invokeMethod(Invoker.java:585)
	at org.testng.internal.Invoker.invokeTestMethod(Invoker.java:816)
	at org.testng.internal.Invoker.invokeTestMethods(Invoker.java:1124)
	at org.testng.internal.TestMethodWorker.invokeTestMethods(TestMethodWorker.java:125)
	at org.testng.internal.TestMethodWorker.run(TestMethodWorker.java:108)
	at org.testng.TestRunner.privateRun(TestRunner.java:774)
	at org.testng.TestRunner.run(TestRunner.java:624)
	at org.testng.SuiteRunner.runTest(SuiteRunner.java:359)
	at org.testng.SuiteRunner.runSequentially(SuiteRunner.java:354)
	at org.testng.SuiteRunner.privateRun(SuiteRunner.java:312)
	at org.testng.SuiteRunner.run(SuiteRunner.java:261)
	at org.testng.SuiteRunnerWorker.runSuite(SuiteRunnerWorker.java:52)
	at org.testng.SuiteRunnerWorker.run(SuiteRunnerWorker.java:86)
	at org.testng.TestNG.runSuitesSequentially(TestNG.java:1215)
	at org.testng.TestNG.runSuitesLocally(TestNG.java:1140)
	at org.testng.TestNG.run(TestNG.java:1048)
	at org.testng.remote.AbstractRemoteTestNG.run(AbstractRemoteTestNG.java:114)
	at org.testng.remote.RemoteTestNG.initAndRun(RemoteTestNG.java:251)
	at org.testng.remote.RemoteTestNG.main(RemoteTestNG.java:77)
Caused by: org.apache.http.conn.HttpHostConnectException: Connect to 127.0.0.1:7056 [/127.0.0.1] failed: Connection refused: connect
	at org.apache.http.impl.conn.DefaultHttpClientConnectionOperator.connect(DefaultHttpClientConnectionOperator.java:151)
	at org.apache.http.impl.conn.PoolingHttpClientConnectionManager.connect(PoolingHttpClientConnectionManager.java:353)
	at org.apache.http.impl.execchain.MainClientExec.establishRoute(MainClientExec.java:380)
	at org.apache.http.impl.execchain.MainClientExec.execute(MainClientExec.java:236)
	at org.apache.http.impl.execchain.ProtocolExec.execute(ProtocolExec.java:184)
	at org.apache.http.impl.execchain.RetryExec.execute(RetryExec.java:88)
	at org.apache.http.impl.execchain.RedirectExec.execute(RedirectExec.java:110)
	at org.apache.http.impl.client.InternalHttpClient.doExecute(InternalHttpClient.java:184)
	at org.apache.http.impl.client.CloseableHttpClient.execute(CloseableHttpClient.java:71)
	at org.apache.http.impl.client.CloseableHttpClient.execute(CloseableHttpClient.java:55)
	at org.openqa.selenium.remote.internal.ApacheHttpClient.fallBackExecute(ApacheHttpClient.java:162)
	at org.openqa.selenium.remote.internal.ApacheHttpClient.execute(ApacheHttpClient.java:90)
	at org.openqa.selenium.remote.HttpCommandExecutor.execute(HttpCommandExecutor.java:142)
	at org.openqa.selenium.firefox.internal.NewProfileExtensionConnection.execute(NewProfileExtensionConnection.java:160)
	at org.openqa.selenium.firefox.FirefoxDriver$LazyCommandExecutor.execute(FirefoxDriver.java:380)
	at org.openqa.selenium.remote.RemoteWebDriver.execute(RemoteWebDriver.java:644)
	... 28 more
Caused by: java.net.ConnectException: Connection refused: connect
	at java.net.DualStackPlainSocketImpl.waitForConnect(Native Method)
	at java.net.DualStackPlainSocketImpl.socketConnect(Unknown Source)
	at java.net.AbstractPlainSocketImpl.doConnect(Unknown Source)
	at java.net.AbstractPlainSocketImpl.connectToAddress(Unknown Source)
	at java.net.AbstractPlainSocketImpl.connect(Unknown Source)
	at java.net.PlainSocketImpl.connect(Unknown Source)
	at java.net.SocksSocketImpl.connect(Unknown Source)
	at java.net.Socket.connect(Unknown Source)
	at org.apache.http.conn.socket.PlainConnectionSocketFactory.connectSocket(PlainConnectionSocketFactory.java:74)
	at org.apache.http.impl.conn.DefaultHttpClientConnectionOperator.connect(DefaultHttpClientConnectionOperator.java:134)
	... 43 more
]]>
            </full-stacktrace>
          </exception> <!-- org.openqa.selenium.remote.UnreachableBrowserException -->
          <reporter-output>
          </reporter-output>
        </test-method> <!-- gertPage -->
        <test-method status="SKIP" signature="verifylogin()[pri:0, instance:guruECommercePackage.HomePageVerify@20e2cbe0]" name="verifylogin" duration-ms="4" started-at="2017-11-06T16:32:10Z" finished-at="2017-11-06T16:32:10Z">
          <reporter-output>
          </reporter-output>
        </test-method> <!-- verifylogin -->
        <test-method status="SKIP" signature="gertPage()[pri:0, instance:guruECommercePackage.HomePageVerify@20e2cbe0]" name="gertPage" is-config="true" duration-ms="0" started-at="2017-11-06T16:32:10Z" finished-at="2017-11-06T16:32:10Z">
          <reporter-output>
          </reporter-output>
        </test-method> <!-- gertPage -->
        <test-method status="SKIP" signature="wishList()[pri:1, instance:guruECommercePackage.HomePageVerify@20e2cbe0]" name="wishList" duration-ms="1" started-at="2017-11-06T16:32:10Z" finished-at="2017-11-06T16:32:10Z">
          <reporter-output>
          </reporter-output>
        </test-method> <!-- wishList -->
        <test-method status="SKIP" signature="gertPage()[pri:0, instance:guruECommercePackage.HomePageVerify@20e2cbe0]" name="gertPage" is-config="true" duration-ms="0" started-at="2017-11-06T16:32:10Z" finished-at="2017-11-06T16:32:10Z">
          <reporter-output>
          </reporter-output>
        </test-method> <!-- gertPage -->
        <test-method status="SKIP" signature="purchaseProduct()[pri:2, instance:guruECommercePackage.HomePageVerify@20e2cbe0]" name="purchaseProduct" duration-ms="1" started-at="2017-11-06T16:32:10Z" finished-at="2017-11-06T16:32:10Z">
          <reporter-output>
          </reporter-output>
        </test-method> <!-- purchaseProduct -->
        <test-method status="SKIP" signature="gertPage()[pri:0, instance:guruECommercePackage.HomePageVerify@20e2cbe0]" name="gertPage" is-config="true" duration-ms="0" started-at="2017-11-06T16:32:10Z" finished-at="2017-11-06T16:32:10Z">
          <reporter-output>
          </reporter-output>
        </test-method> <!-- gertPage -->
        <test-method status="SKIP" signature="compareToPhoneUsingText()[pri:3, instance:guruECommercePackage.HomePageVerify@20e2cbe0]" name="compareToPhoneUsingText" duration-ms="1" started-at="2017-11-06T16:32:10Z" finished-at="2017-11-06T16:32:10Z">
          <reporter-output>
          </reporter-output>
        </test-method> <!-- compareToPhoneUsingText -->
        <test-method status="SKIP" signature="gertPage()[pri:0, instance:guruECommercePackage.HomePageVerify@20e2cbe0]" name="gertPage" is-config="true" duration-ms="0" started-at="2017-11-06T16:32:10Z" finished-at="2017-11-06T16:32:10Z">
          <reporter-output>
          </reporter-output>
        </test-method> <!-- gertPage -->
        <test-method status="SKIP" signature="addToCart()[pri:5, instance:guruECommercePackage.HomePageVerify@20e2cbe0]" name="addToCart" duration-ms="1" started-at="2017-11-06T16:32:10Z" finished-at="2017-11-06T16:32:10Z">
          <reporter-output>
          </reporter-output>
        </test-method> <!-- addToCart -->
        <test-method status="SKIP" signature="gertPage()[pri:0, instance:guruECommercePackage.HomePageVerify@20e2cbe0]" name="gertPage" is-config="true" duration-ms="0" started-at="2017-11-06T16:32:10Z" finished-at="2017-11-06T16:32:10Z">
          <reporter-output>
          </reporter-output>
        </test-method> <!-- gertPage -->
        <test-method status="SKIP" signature="costOfProduct()[pri:6, instance:guruECommercePackage.HomePageVerify@20e2cbe0]" name="costOfProduct" duration-ms="1" started-at="2017-11-06T16:32:10Z" finished-at="2017-11-06T16:32:10Z">
          <reporter-output>
          </reporter-output>
        </test-method> <!-- costOfProduct -->
        <test-method status="SKIP" signature="afterTest()[pri:0, instance:guruECommercePackage.HomePageVerify@20e2cbe0]" name="afterTest" is-config="true" duration-ms="0" started-at="2017-11-06T16:32:10Z" finished-at="2017-11-06T16:32:10Z">
          <reporter-output>
          </reporter-output>
        </test-method> <!-- afterTest -->
      </class> <!-- guruECommercePackage.HomePageVerify -->
    </test> <!-- Default test -->
  </suite> <!-- Default suite -->
</testng-results>
